[2025-11-12 08:27:54.609] [INFO] [dev.kostromdan.mods.crash_assistant.app.CrashAssistantApp]: CrashAssistantApp running: JVM args: [-XX:+UseSerialGC, -XX:MaxHeapFreeRatio=30, -XX:MinHeapFreeRatio=10, -XX:MaxGCPauseMillis=10000, -Xms8m, -Xmx512m]
[2025-11-12 08:27:54.613] [INFO] [dev.kostromdan.mods.crash_assistant.app.CrashAssistantApp]: CrashAssistantApp running: program args: [-jarPath, local\crash_assistant\10348_1762946865191_app.jar, -parentPID, 10348, -parentStarted, 1762946865191, -platform, NEOFORGE, -loaderJarName, neoforge-21.1.213, -minecraftVersion, 1.21.1, -childProcessesPIDs, VU5ERUZJTkVE, -crashAssistantModJarName, CrashAssistant-neoforge-1.20.6-1.21.4-1.10.18.jar, -classPath, local\crash_assistant\10348_1762946865191_app.jar;local\crash_assistant\10348_1762946865191_mod.jar;C:\Users\Pichau\AppData\Roaming\.minecraft\libraries\org\apache\logging\log4j\log4j-api\2.22.1\log4j-api-2.22.1.jar;C:\Users\Pichau\AppData\Roaming\.minecraft\libraries\org\apache\logging\log4j\log4j-core\2.22.1\log4j-core-2.22.1.jar;C:\Users\Pichau\AppData\Roaming\.minecraft\libraries\com\google\code\gson\gson\2.10.1\gson-2.10.1.jar;C:\Users\Pichau\AppData\Roaming\.minecraft\libraries\commons-io\commons-io\2.15.1\commons-io-2.15.1.jar;C:\Users\Pichau\AppData\Roaming\.minecraft\libraries\net\java\dev\jna\jna\5.14.0\jna-5.14.0.jar;C:\Users\Pichau\AppData\Roaming\.minecraft\libraries\net\java\dev\jna\jna-platform\5.14.0\jna-platform-5.14.0.jar, -parentXms, unknown, -parentXmx, 10562M, -systemRAM, 16g, -processor, SW50ZWwoUikgQ29yZShUTSkgaTctNDc3MCBDUFUgQCAzLjQwR0h6, -serialisedGPUs, VnVsa2FuIEdQVSBkZXRlY3Rpb24gYWRkb24gbm90IGZvdW5kLCBmYWxsaW5nIGJhY2sgdG8gRGlyZWN0WApTdWNjZXNzZnVsbHkgZGV0ZWN0ZWQgR1BVcyB1c2luZyBEaXJlY3RYOgpERURJQ0FURUQgOiBOVklESUEgR2VGb3JjZSBHVFggMTA1MCBUaQoNCg==]
[2025-11-12 08:27:54.614] [INFO] [dev.kostromdan.mods.crash_assistant.app.CrashAssistantApp]: CrashAssistantApp running from: C:\Users\Pichau\AppData\Roaming\.minecraft\versions\Mgt
[2025-11-12 08:27:54.615] [INFO] [dev.kostromdan.mods.crash_assistant.app.CrashAssistantApp]: crashAssistantJarName: CrashAssistant-neoforge-1.20.6-1.21.4-1.10.18.jar
[2025-11-12 08:27:54.615] [INFO] [dev.kostromdan.mods.crash_assistant.app.CrashAssistantApp]: Parent PID: 10348
[2025-11-12 08:27:54.615] [INFO] [dev.kostromdan.mods.crash_assistant.app.CrashAssistantApp]: Parent started: 1762946865191
[2025-11-12 08:27:54.618] [INFO] [dev.kostromdan.mods.crash_assistant.app.CrashAssistantApp]: Platform: NEOFORGE
[2025-11-12 08:27:54.619] [INFO] [dev.kostromdan.mods.crash_assistant.app.CrashAssistantApp]: loaderJarName: neoforge-21.1.213
[2025-11-12 08:27:54.619] [INFO] [dev.kostromdan.mods.crash_assistant.app.CrashAssistantApp]: minecraftVersion: 1.21.1
[2025-11-12 08:27:54.620] [INFO] [dev.kostromdan.mods.crash_assistant.app.CrashAssistantApp]: childProcessesPIDs: UNDEFINED
[2025-11-12 08:27:54.620] [INFO] [dev.kostromdan.mods.crash_assistant.app.CrashAssistantApp]: parentXms: unknown
[2025-11-12 08:27:54.620] [INFO] [dev.kostromdan.mods.crash_assistant.app.CrashAssistantApp]: parentXmx: 10562M
[2025-11-12 08:27:54.621] [INFO] [dev.kostromdan.mods.crash_assistant.app.CrashAssistantApp]: systemRAM: 16g
[2025-11-12 08:27:54.621] [INFO] [dev.kostromdan.mods.crash_assistant.app.CrashAssistantApp]: processor: Intel(R) Core(TM) i7-4770 CPU @ 3.40GHz
[2025-11-12 08:27:54.621] [INFO] [dev.kostromdan.mods.crash_assistant.app.CrashAssistantApp]: Boot.serialisedGPUs:
Vulkan GPU detection addon not found, falling back to DirectX
Successfully detected GPUs using DirectX:
DEDICATED : NVIDIA GeForce GTX 1050 Ti


[2025-11-12 08:27:54.622] [INFO] [dev.kostromdan.mods.crash_assistant.app.CrashAssistantApp]: os.name: windows 11
[2025-11-12 08:27:54.629] [INFO] [dev.kostromdan.mods.crash_assistant.app.CrashAssistantApp]: Java path: C:\Users\Pichau\AppData\Roaming\.minecraft\runtime\java-runtime-delta\windows\java-runtime-delta\bin\javaw.exe
[2025-11-12 08:27:54.630] [INFO] [dev.kostromdan.mods.crash_assistant.app.CrashAssistantApp]: Java version: 21.0.7+6-LTS
[2025-11-12 08:27:54.677] [INFO] [dev.kostromdan.mods.crash_assistant.app.CrashAssistantApp]: CrashAssistantApp started successfully. Waiting for PID 10348 to stop.
[2025-11-12 08:28:36.976] [INFO] [dev.kostromdan.mods.crash_assistant.app.CrashAssistantApp]: Minecraft is running on renderer:
NVIDIA GeForce GTX 1050 Ti/PCIe/SSE2
[2025-11-12 10:57:36.988] [INFO] [dev.kostromdan.mods.crash_assistant.app.CrashAssistantApp]: PID "10348" is not alive or reused by another process. Minecraft JVM appears to have stopped.
[2025-11-12 10:57:37.254] [INFO] [dev.kostromdan.mods.crash_assistant.app.CrashAssistantApp]: Adding latest.log from C:\Users\Pichau\AppData\Roaming\.minecraft\versions\Mgt\logs\latest.log
[2025-11-12 10:57:37.264] [INFO] [dev.kostromdan.mods.crash_assistant.app.CrashAssistantApp]: Adding debug.log from C:\Users\Pichau\AppData\Roaming\.minecraft\versions\Mgt\logs\debug.log
[2025-11-12 10:57:37.310] [INFO] [dev.kostromdan.mods.crash_assistant.app.CrashAssistantApp]: Adding tlauncher_11_12_2025_08_25_27.log from C:\Users\Pichau\AppData\Roaming\.tlauncher\logs\tlauncher\tlauncher_11_12_2025_08_25_27.log
[2025-11-12 10:57:37.334] [INFO] [dev.kostromdan.mods.crash_assistant.app.CrashAssistantApp]: Adding KubeJS: client.log from C:\Users\Pichau\AppData\Roaming\.minecraft\versions\Mgt\logs\kubejs\client.log
[2025-11-12 10:57:37.349] [INFO] [dev.kostromdan.mods.crash_assistant.app.CrashAssistantApp]: Adding KubeJS: startup.log from C:\Users\Pichau\AppData\Roaming\.minecraft\versions\Mgt\logs\kubejs\startup.log
[2025-11-12 10:57:37.353] [INFO] [dev.kostromdan.mods.crash_assistant.app.CrashAssistantApp]: Adding crash_assistant_app.log from C:\Users\Pichau\AppData\Roaming\.minecraft\versions\Mgt\logs\crash_assistant\crash_assistant_app.log
[2025-11-12 10:57:37.355] [INFO] [dev.kostromdan.mods.crash_assistant.app.CrashAssistantApp]: Reached first tick of TitleScreen: true
[2025-11-12 10:57:37.357] [INFO] [dev.kostromdan.mods.crash_assistant.app.CrashAssistantApp]: Joined world successfully: false
[2025-11-12 10:57:37.360] [INFO] [dev.kostromdan.mods.crash_assistant.app.CrashAssistantApp]: stop() function of Minecraft fired: true
[2025-11-12 10:57:37.362] [INFO] [dev.kostromdan.mods.crash_assistant.app.CrashAssistantApp]: close() function of Minecraft failed: false
[2025-11-12 10:57:37.364] [INFO] [dev.kostromdan.mods.crash_assistant.app.CrashAssistantApp]: emergencySave() function of Minecraft fired: false
[2025-11-12 10:57:37.474] [INFO] [dev.kostromdan.mods.crash_assistant.app.CrashAssistantApp]: isModpackCreator: true
[2025-11-12 10:57:37.479] [INFO] [dev.kostromdan.mods.crash_assistant.app.CrashAssistantApp]: isHelpLinkDefault: true
[2025-11-12 10:57:37.484] [INFO] [dev.kostromdan.mods.crash_assistant.app.CrashAssistantApp]: helpLink: https://discord.neoforged.net
[2025-11-12 10:57:37.485] [INFO] [dev.kostromdan.mods.crash_assistant.app.CrashAssistantApp]: Seems like Minecraft finished normally. Trying to locate terminated processes and Exiting Crash Assistant app.
